This file contains any messages produced by compilers while
running configure, to aid debugging if configure makes a mistake.

It was created by hextexsim configure 1, which was
generated by GNU Autoconf 2.69.  Invocation command line was

  $ ./configure 

## --------- ##
## Platform. ##
## --------- ##

hostname = finwe-Lenovo-G50-80
uname -m = x86_64
uname -r = 3.19.0-78-generic
uname -s = Linux
uname -v = #86~14.04.1-Ubuntu SMP Tue Dec 6 17:58:35 UTC 2016

/usr/bin/uname -p = unknown
/bin/uname -X     = unknown

/bin/arch              = unknown
/usr/bin/arch -k       = unknown
/usr/convex/getsysinfo = unknown
/usr/bin/hostinfo      = unknown
/bin/machine           = unknown
/usr/bin/oslevel       = unknown
/bin/universe          = unknown

PATH: /home/bartek/bin
PATH: /usr/local/sbin
PATH: /usr/local/bin
PATH: /usr/sbin
PATH: /usr/bin
PATH: /sbin
PATH: /bin
PATH: /usr/games
PATH: /usr/local/games
PATH: /usr/lib/jvm/java-8-oracle/bin
PATH: /usr/lib/jvm/java-8-oracle/db/bin
PATH: /usr/lib/jvm/java-8-oracle/jre/bin
PATH: /home/bartek/android-sdk-linux/tools
PATH: /home/bartek/android-sdk-linux/platform-tools


## ----------- ##
## Core tests. ##
## ----------- ##

configure:2291: checking for a BSD-compatible install
configure:2359: result: /usr/bin/install -c
configure:2370: checking whether build environment is sane
configure:2425: result: yes
configure:2576: checking for a thread-safe mkdir -p
configure:2615: result: /bin/mkdir -p
configure:2622: checking for gawk
configure:2652: result: no
configure:2622: checking for mawk
configure:2638: found /usr/bin/mawk
configure:2649: result: mawk
configure:2660: checking whether make sets $(MAKE)
configure:2682: result: yes
configure:2711: checking whether make supports nested variables
configure:2728: result: yes
configure:2967: checking that generated files are newer than configure
configure:2973: result: done
configure:2981: creating ./config.status

## ---------------------- ##
## Running config.status. ##
## ---------------------- ##

This file was extended by hextexsim config.status 1, which was
generated by GNU Autoconf 2.69.  Invocation command line was

  CONFIG_FILES    = 
  CONFIG_HEADERS  = 
  CONFIG_LINKS    = 
  CONFIG_COMMANDS = 
  $ ./config.status 

on finwe-Lenovo-G50-80

config.status:838: creating Makefile
config.status:838: creating src/Makefile
config.status:838: creating config.h
configure:4248: checking for g++
configure:4264: found /usr/bin/g++
configure:4275: result: g++
configure:4302: checking for C++ compiler version
configure:4311: g++ --version >&5
g++ (Ubuntu 4.8.4-2ubuntu1~14.04.3) 4.8.4
Copyright (C) 2013 Free Software Foundation, Inc.
This is free software; see the source for copying conditions.  There is NO
warranty; not even for MERCHANTABILITY or FITNESS FOR A PARTICULAR PURPOSE.

configure:4322: $? = 0
configure:4311: g++ -v >&5
Using built-in specs.
COLLECT_GCC=g++
COLLECT_LTO_WRAPPER=/usr/lib/gcc/x86_64-linux-gnu/4.8/lto-wrapper
Target: x86_64-linux-gnu
Configured with: ../src/configure -v --with-pkgversion='Ubuntu 4.8.4-2ubuntu1~14.04.3' --with-bugurl=file:///usr/share/doc/gcc-4.8/README.Bugs --enable-languages=c,c++,java,go,d,fortran,objc,obj-c++ --prefix=/usr --program-suffix=-4.8 --enable-shared --enable-linker-build-id --libexecdir=/usr/lib --without-included-gettext --enable-threads=posix --with-gxx-include-dir=/usr/include/c++/4.8 --libdir=/usr/lib --enable-nls --with-sysroot=/ --enable-clocale=gnu --enable-libstdcxx-debug --enable-libstdcxx-time=yes --enable-gnu-unique-object --disable-libmudflap --enable-plugin --with-system-zlib --disable-browser-plugin --enable-java-awt=gtk --enable-gtk-cairo --with-java-home=/usr/lib/jvm/java-1.5.0-gcj-4.8-amd64/jre --enable-java-home --with-jvm-root-dir=/usr/lib/jvm/java-1.5.0-gcj-4.8-amd64 --with-jvm-jar-dir=/usr/lib/jvm-exports/java-1.5.0-gcj-4.8-amd64 --with-arch-directory=amd64 --with-ecj-jar=/usr/share/java/eclipse-ecj.jar --enable-objc-gc --enable-multiarch --disable-werror --with-arch-32=i686 --with-abi=m64 --with-multilib-list=m32,m64,mx32 --with-tune=generic --enable-checking=release --build=x86_64-linux-gnu --host=x86_64-linux-gnu --target=x86_64-linux-gnu
Thread model: posix
gcc version 4.8.4 (Ubuntu 4.8.4-2ubuntu1~14.04.3) 
configure:4322: $? = 0
configure:4311: g++ -V >&5
g++: error: unrecognized command line option '-V'
g++: fatal error: no input files
compilation terminated.
configure:4322: $? = 4
configure:4311: g++ -qversion >&5
g++: error: unrecognized command line option '-qversion'
g++: fatal error: no input files
compilation terminated.
configure:4322: $? = 4
configure:4342: checking whether the C++ compiler works
configure:4364: g++    conftest.cpp  >&5
configure:4368: $? = 0
configure:4416: result: yes
configure:4419: checking for C++ compiler default output file name
configure:4421: result: a.out
configure:4427: checking for suffix of executables
configure:4434: g++ -o conftest    conftest.cpp  >&5
configure:4438: $? = 0
configure:4460: result: 
configure:4482: checking whether we are cross compiling
configure:4490: g++ -o conftest    conftest.cpp  >&5
configure:4494: $? = 0
configure:4501: ./conftest
configure:4505: $? = 0
configure:4520: result: no
configure:4525: checking for suffix of object files
configure:4547: g++ -c   conftest.cpp >&5
configure:4551: $? = 0
configure:4572: result: o
configure:4576: checking whether we are using the GNU C++ compiler
configure:4595: g++ -c   conftest.cpp >&5
configure:4595: $? = 0
configure:4604: result: yes
configure:4613: checking whether g++ accepts -g
configure:4633: g++ -c -g  conftest.cpp >&5
configure:4633: $? = 0
configure:4674: result: yes
configure:4708: checking for style of include used by make
configure:4736: result: GNU
configure:4762: checking dependency style of g++
configure:4873: result: gcc3
configure:4936: checking for gcc
configure:4952: found /usr/bin/gcc
configure:4963: result: gcc
configure:5192: checking for C compiler version
configure:5201: gcc --version >&5
gcc (Ubuntu 4.8.4-2ubuntu1~14.04.3) 4.8.4
Copyright (C) 2013 Free Software Foundation, Inc.
This is free software; see the source for copying conditions.  There is NO
warranty; not even for MERCHANTABILITY or FITNESS FOR A PARTICULAR PURPOSE.

configure:5212: $? = 0
configure:5201: gcc -v >&5
Using built-in specs.
COLLECT_GCC=gcc
COLLECT_LTO_WRAPPER=/usr/lib/gcc/x86_64-linux-gnu/4.8/lto-wrapper
Target: x86_64-linux-gnu
Configured with: ../src/configure -v --with-pkgversion='Ubuntu 4.8.4-2ubuntu1~14.04.3' --with-bugurl=file:///usr/share/doc/gcc-4.8/README.Bugs --enable-languages=c,c++,java,go,d,fortran,objc,obj-c++ --prefix=/usr --program-suffix=-4.8 --enable-shared --enable-linker-build-id --libexecdir=/usr/lib --without-included-gettext --enable-threads=posix --with-gxx-include-dir=/usr/include/c++/4.8 --libdir=/usr/lib --enable-nls --with-sysroot=/ --enable-clocale=gnu --enable-libstdcxx-debug --enable-libstdcxx-time=yes --enable-gnu-unique-object --disable-libmudflap --enable-plugin --with-system-zlib --disable-browser-plugin --enable-java-awt=gtk --enable-gtk-cairo --with-java-home=/usr/lib/jvm/java-1.5.0-gcj-4.8-amd64/jre --enable-java-home --with-jvm-root-dir=/usr/lib/jvm/java-1.5.0-gcj-4.8-amd64 --with-jvm-jar-dir=/usr/lib/jvm-exports/java-1.5.0-gcj-4.8-amd64 --with-arch-directory=amd64 --with-ecj-jar=/usr/share/java/eclipse-ecj.jar --enable-objc-gc --enable-multiarch --disable-werror --with-arch-32=i686 --with-abi=m64 --with-multilib-list=m32,m64,mx32 --with-tune=generic --enable-checking=release --build=x86_64-linux-gnu --host=x86_64-linux-gnu --target=x86_64-linux-gnu
Thread model: posix
gcc version 4.8.4 (Ubuntu 4.8.4-2ubuntu1~14.04.3) 
configure:5212: $? = 0
configure:5201: gcc -V >&5
gcc: error: unrecognized command line option '-V'
gcc: fatal error: no input files
compilation terminated.
configure:5212: $? = 4
configure:5201: gcc -qversion >&5
gcc: error: unrecognized command line option '-qversion'
gcc: fatal error: no input files
compilation terminated.
configure:5212: $? = 4
configure:5216: checking whether we are using the GNU C compiler
configure:5235: gcc -c   conftest.c >&5
configure:5235: $? = 0
configure:5244: result: yes
configure:5253: checking whether gcc accepts -g
configure:5273: gcc -c -g  conftest.c >&5
configure:5273: $? = 0
configure:5314: result: yes
configure:5331: checking for gcc option to accept ISO C89
configure:5394: gcc  -c -g -O2  conftest.c >&5
configure:5394: $? = 0
configure:5407: result: none needed
configure:5432: checking whether gcc understands -c and -o together
configure:5454: gcc -c conftest.c -o conftest2.o
configure:5457: $? = 0
configure:5454: gcc -c conftest.c -o conftest2.o
configure:5457: $? = 0
configure:5469: result: yes
configure:5488: checking dependency style of gcc
configure:5599: result: gcc3
configure:5624: checking how to run the C preprocessor
configure:5655: gcc -E  conftest.c
configure:5655: $? = 0
configure:5669: gcc -E  conftest.c
conftest.c:11:28: fatal error: ac_nonexistent.h: No such file or directory
 #include <ac_nonexistent.h>
                            ^
compilation terminated.
configure:5669: $? = 1
configure: failed program was:
| /* confdefs.h */
| #define PACKAGE_NAME "hextexsim"
| #define PACKAGE_TARNAME "hextexsim"
| #define PACKAGE_VERSION "1"
| #define PACKAGE_STRING "hextexsim 1"
| #define PACKAGE_BUGREPORT "sul5@agh.edu.pl"
| #define PACKAGE_URL ""
| #define PACKAGE "hextexsim"
| #define VERSION "1"
| /* end confdefs.h.  */
| #include <ac_nonexistent.h>
configure:5694: result: gcc -E
configure:5714: gcc -E  conftest.c
configure:5714: $? = 0
configure:5728: gcc -E  conftest.c
conftest.c:11:28: fatal error: ac_nonexistent.h: No such file or directory
 #include <ac_nonexistent.h>
                            ^
compilation terminated.
configure:5728: $? = 1
configure: failed program was:
| /* confdefs.h */
| #define PACKAGE_NAME "hextexsim"
| #define PACKAGE_TARNAME "hextexsim"
| #define PACKAGE_VERSION "1"
| #define PACKAGE_STRING "hextexsim 1"
| #define PACKAGE_BUGREPORT "sul5@agh.edu.pl"
| #define PACKAGE_URL ""
| #define PACKAGE "hextexsim"
| #define VERSION "1"
| /* end confdefs.h.  */
| #include <ac_nonexistent.h>
configure:5757: checking for grep that handles long lines and -e
configure:5815: result: /bin/grep
configure:5820: checking for egrep
configure:5882: result: /bin/grep -E
configure:5887: checking for ANSI C header files
configure:5907: gcc -c -g -O2  conftest.c >&5
configure:5907: $? = 0
configure:5980: gcc -o conftest -g -O2   conftest.c  >&5
configure:5980: $? = 0
configure:5980: ./conftest
configure:5980: $? = 0
configure:5991: result: yes
configure:6004: checking for sys/types.h
configure:6004: gcc -c -g -O2  conftest.c >&5
configure:6004: $? = 0
configure:6004: result: yes
configure:6004: checking for sys/stat.h
configure:6004: gcc -c -g -O2  conftest.c >&5
configure:6004: $? = 0
configure:6004: result: yes
configure:6004: checking for stdlib.h
configure:6004: gcc -c -g -O2  conftest.c >&5
configure:6004: $? = 0
configure:6004: result: yes
configure:6004: checking for string.h
configure:6004: gcc -c -g -O2  conftest.c >&5
configure:6004: $? = 0
configure:6004: result: yes
configure:6004: checking for memory.h
configure:6004: gcc -c -g -O2  conftest.c >&5
configure:6004: $? = 0
configure:6004: result: yes
configure:6004: checking for strings.h
configure:6004: gcc -c -g -O2  conftest.c >&5
configure:6004: $? = 0
configure:6004: result: yes
configure:6004: checking for inttypes.h
configure:6004: gcc -c -g -O2  conftest.c >&5
configure:6004: $? = 0
configure:6004: result: yes
configure:6004: checking for stdint.h
configure:6004: gcc -c -g -O2  conftest.c >&5
configure:6004: $? = 0
configure:6004: result: yes
configure:6004: checking for unistd.h
configure:6004: gcc -c -g -O2  conftest.c >&5
configure:6004: $? = 0
configure:6004: result: yes
configure:6018: checking for stdlib.h
configure:6018: result: yes
configure:6030: checking for stdbool.h that conforms to C99
configure:6097: gcc -c -g -O2  conftest.c >&5
configure:6097: $? = 0
configure:6104: result: yes
configure:6106: checking for _Bool
configure:6106: gcc -c -g -O2  conftest.c >&5
configure:6106: $? = 0
configure:6106: gcc -c -g -O2  conftest.c >&5
conftest.c: In function 'main':
conftest.c:58:20: error: expected expression before ')' token
 if (sizeof ((_Bool)))
                    ^
configure:6106: $? = 1
configure: failed program was:
| /* confdefs.h */
| #define PACKAGE_NAME "hextexsim"
| #define PACKAGE_TARNAME "hextexsim"
| #define PACKAGE_VERSION "1"
| #define PACKAGE_STRING "hextexsim 1"
| #define PACKAGE_BUGREPORT "sul5@agh.edu.pl"
| #define PACKAGE_URL ""
| #define PACKAGE "hextexsim"
| #define VERSION "1"
| #define STDC_HEADERS 1
| #define HAVE_SYS_TYPES_H 1
| #define HAVE_SYS_STAT_H 1
| #define HAVE_STDLIB_H 1
| #define HAVE_STRING_H 1
| #define HAVE_MEMORY_H 1
| #define HAVE_STRINGS_H 1
| #define HAVE_INTTYPES_H 1
| #define HAVE_STDINT_H 1
| #define HAVE_UNISTD_H 1
| #define HAVE_STDLIB_H 1
| /* end confdefs.h.  */
| #include <stdio.h>
| #ifdef HAVE_SYS_TYPES_H
| # include <sys/types.h>
| #endif
| #ifdef HAVE_SYS_STAT_H
| # include <sys/stat.h>
| #endif
| #ifdef STDC_HEADERS
| # include <stdlib.h>
| # include <stddef.h>
| #else
| # ifdef HAVE_STDLIB_H
| #  include <stdlib.h>
| # endif
| #endif
| #ifdef HAVE_STRING_H
| # if !defined STDC_HEADERS && defined HAVE_MEMORY_H
| #  include <memory.h>
| # endif
| # include <string.h>
| #endif
| #ifdef HAVE_STRINGS_H
| # include <strings.h>
| #endif
| #ifdef HAVE_INTTYPES_H
| # include <inttypes.h>
| #endif
| #ifdef HAVE_STDINT_H
| # include <stdint.h>
| #endif
| #ifdef HAVE_UNISTD_H
| # include <unistd.h>
| #endif
| int
| main ()
| {
| if (sizeof ((_Bool)))
| 	    return 0;
|   ;
|   return 0;
| }
configure:6106: result: yes
configure:6123: checking for size_t
configure:6123: gcc -c -g -O2  conftest.c >&5
configure:6123: $? = 0
configure:6123: gcc -c -g -O2  conftest.c >&5
conftest.c: In function 'main':
conftest.c:60:21: error: expected expression before ')' token
 if (sizeof ((size_t)))
                     ^
configure:6123: $? = 1
configure: failed program was:
| /* confdefs.h */
| #define PACKAGE_NAME "hextexsim"
| #define PACKAGE_TARNAME "hextexsim"
| #define PACKAGE_VERSION "1"
| #define PACKAGE_STRING "hextexsim 1"
| #define PACKAGE_BUGREPORT "sul5@agh.edu.pl"
| #define PACKAGE_URL ""
| #define PACKAGE "hextexsim"
| #define VERSION "1"
| #define STDC_HEADERS 1
| #define HAVE_SYS_TYPES_H 1
| #define HAVE_SYS_STAT_H 1
| #define HAVE_STDLIB_H 1
| #define HAVE_STRING_H 1
| #define HAVE_MEMORY_H 1
| #define HAVE_STRINGS_H 1
| #define HAVE_INTTYPES_H 1
| #define HAVE_STDINT_H 1
| #define HAVE_UNISTD_H 1
| #define HAVE_STDLIB_H 1
| #define HAVE__BOOL 1
| #define HAVE_STDBOOL_H 1
| /* end confdefs.h.  */
| #include <stdio.h>
| #ifdef HAVE_SYS_TYPES_H
| # include <sys/types.h>
| #endif
| #ifdef HAVE_SYS_STAT_H
| # include <sys/stat.h>
| #endif
| #ifdef STDC_HEADERS
| # include <stdlib.h>
| # include <stddef.h>
| #else
| # ifdef HAVE_STDLIB_H
| #  include <stdlib.h>
| # endif
| #endif
| #ifdef HAVE_STRING_H
| # if !defined STDC_HEADERS && defined HAVE_MEMORY_H
| #  include <memory.h>
| # endif
| # include <string.h>
| #endif
| #ifdef HAVE_STRINGS_H
| # include <strings.h>
| #endif
| #ifdef HAVE_INTTYPES_H
| # include <inttypes.h>
| #endif
| #ifdef HAVE_STDINT_H
| # include <stdint.h>
| #endif
| #ifdef HAVE_UNISTD_H
| # include <unistd.h>
| #endif
| int
| main ()
| {
| if (sizeof ((size_t)))
| 	    return 0;
|   ;
|   return 0;
| }
configure:6123: result: yes
configure:6139: checking for pow
configure:6139: gcc -o conftest -g -O2   conftest.c  >&5
conftest.c:47:6: warning: conflicting types for built-in function 'pow' [enabled by default]
 char pow ();
      ^
/tmp/ccerJW1k.o: In function `main':
/home/bartek/hextexsim/hextexsim_production/hextexsim_configure/conftest.c:58: undefined reference to `pow'
collect2: error: ld returned 1 exit status
configure:6139: $? = 1
configure: failed program was:
| /* confdefs.h */
| #define PACKAGE_NAME "hextexsim"
| #define PACKAGE_TARNAME "hextexsim"
| #define PACKAGE_VERSION "1"
| #define PACKAGE_STRING "hextexsim 1"
| #define PACKAGE_BUGREPORT "sul5@agh.edu.pl"
| #define PACKAGE_URL ""
| #define PACKAGE "hextexsim"
| #define VERSION "1"
| #define STDC_HEADERS 1
| #define HAVE_SYS_TYPES_H 1
| #define HAVE_SYS_STAT_H 1
| #define HAVE_STDLIB_H 1
| #define HAVE_STRING_H 1
| #define HAVE_MEMORY_H 1
| #define HAVE_STRINGS_H 1
| #define HAVE_INTTYPES_H 1
| #define HAVE_STDINT_H 1
| #define HAVE_UNISTD_H 1
| #define HAVE_STDLIB_H 1
| #define HAVE__BOOL 1
| #define HAVE_STDBOOL_H 1
| /* end confdefs.h.  */
| /* Define pow to an innocuous variant, in case <limits.h> declares pow.
|    For example, HP-UX 11i <limits.h> declares gettimeofday.  */
| #define pow innocuous_pow
| 
| /* System header to define __stub macros and hopefully few prototypes,
|     which can conflict with char pow (); below.
|     Prefer <limits.h> to <assert.h> if __STDC__ is defined, since
|     <limits.h> exists even on freestanding compilers.  */
| 
| #ifdef __STDC__
| # include <limits.h>
| #else
| # include <assert.h>
| #endif
| 
| #undef pow
| 
| /* Override any GCC internal prototype to avoid an error.
|    Use char because int might match the return type of a GCC
|    builtin and then its argument prototype would still apply.  */
| #ifdef __cplusplus
| extern "C"
| #endif
| char pow ();
| /* The GNU C library defines this for functions which it implements
|     to always fail with ENOSYS.  Some functions are actually named
|     something starting with __ and the normal name is an alias.  */
| #if defined __stub_pow || defined __stub___pow
| choke me
| #endif
| 
| int
| main ()
| {
| return pow ();
|   ;
|   return 0;
| }
configure:6139: result: no
configure:6139: checking for sqrt
configure:6139: gcc -o conftest -g -O2   conftest.c  >&5
conftest.c:47:6: warning: conflicting types for built-in function 'sqrt' [enabled by default]
 char sqrt ();
      ^
/tmp/ccxtZxEn.o: In function `main':
/home/bartek/hextexsim/hextexsim_production/hextexsim_configure/conftest.c:58: undefined reference to `sqrt'
collect2: error: ld returned 1 exit status
configure:6139: $? = 1
configure: failed program was:
| /* confdefs.h */
| #define PACKAGE_NAME "hextexsim"
| #define PACKAGE_TARNAME "hextexsim"
| #define PACKAGE_VERSION "1"
| #define PACKAGE_STRING "hextexsim 1"
| #define PACKAGE_BUGREPORT "sul5@agh.edu.pl"
| #define PACKAGE_URL ""
| #define PACKAGE "hextexsim"
| #define VERSION "1"
| #define STDC_HEADERS 1
| #define HAVE_SYS_TYPES_H 1
| #define HAVE_SYS_STAT_H 1
| #define HAVE_STDLIB_H 1
| #define HAVE_STRING_H 1
| #define HAVE_MEMORY_H 1
| #define HAVE_STRINGS_H 1
| #define HAVE_INTTYPES_H 1
| #define HAVE_STDINT_H 1
| #define HAVE_UNISTD_H 1
| #define HAVE_STDLIB_H 1
| #define HAVE__BOOL 1
| #define HAVE_STDBOOL_H 1
| /* end confdefs.h.  */
| /* Define sqrt to an innocuous variant, in case <limits.h> declares sqrt.
|    For example, HP-UX 11i <limits.h> declares gettimeofday.  */
| #define sqrt innocuous_sqrt
| 
| /* System header to define __stub macros and hopefully few prototypes,
|     which can conflict with char sqrt (); below.
|     Prefer <limits.h> to <assert.h> if __STDC__ is defined, since
|     <limits.h> exists even on freestanding compilers.  */
| 
| #ifdef __STDC__
| # include <limits.h>
| #else
| # include <assert.h>
| #endif
| 
| #undef sqrt
| 
| /* Override any GCC internal prototype to avoid an error.
|    Use char because int might match the return type of a GCC
|    builtin and then its argument prototype would still apply.  */
| #ifdef __cplusplus
| extern "C"
| #endif
| char sqrt ();
| /* The GNU C library defines this for functions which it implements
|     to always fail with ENOSYS.  Some functions are actually named
|     something starting with __ and the normal name is an alias.  */
| #if defined __stub_sqrt || defined __stub___sqrt
| choke me
| #endif
| 
| int
| main ()
| {
| return sqrt ();
|   ;
|   return 0;
| }
configure:6139: result: no
configure:6149: checking for gsl_blas_dgemm in -lgsl
configure:6174: gcc -o conftest -g -O2   conftest.c -lgsl   >&5
/usr/lib/gcc/x86_64-linux-gnu/4.8/../../../../lib/libgsl.so: undefined reference to `cblas_dasum'
/usr/lib/gcc/x86_64-linux-gnu/4.8/../../../../lib/libgsl.so: undefined reference to `cblas_sger'
/usr/lib/gcc/x86_64-linux-gnu/4.8/../../../../lib/libgsl.so: undefined reference to `cblas_cdotc_sub'
/usr/lib/gcc/x86_64-linux-gnu/4.8/../../../../lib/libgsl.so: undefined reference to `cblas_icamax'
/usr/lib/gcc/x86_64-linux-gnu/4.8/../../../../lib/libgsl.so: undefined reference to `cblas_dsyrk'
/usr/lib/gcc/x86_64-linux-gnu/4.8/../../../../lib/libgsl.so: undefined reference to `cblas_ztrsm'
/usr/lib/gcc/x86_64-linux-gnu/4.8/../../../../lib/libgsl.so: undefined reference to `cblas_ssyrk'
/usr/lib/gcc/x86_64-linux-gnu/4.8/../../../../lib/libgsl.so: undefined reference to `cblas_strmv'
/usr/lib/gcc/x86_64-linux-gnu/4.8/../../../../lib/libgsl.so: undefined reference to `cblas_ctrmv'
/usr/lib/gcc/x86_64-linux-gnu/4.8/../../../../lib/libgsl.so: undefined reference to `cblas_cherk'
/usr/lib/gcc/x86_64-linux-gnu/4.8/../../../../lib/libgsl.so: undefined reference to `cblas_ccopy'
/usr/lib/gcc/x86_64-linux-gnu/4.8/../../../../lib/libgsl.so: undefined reference to `cblas_cswap'
/usr/lib/gcc/x86_64-linux-gnu/4.8/../../../../lib/libgsl.so: undefined reference to `cblas_dsyr2k'
/usr/lib/gcc/x86_64-linux-gnu/4.8/../../../../lib/libgsl.so: undefined reference to `cblas_drot'
/usr/lib/gcc/x86_64-linux-gnu/4.8/../../../../lib/libgsl.so: undefined reference to `cblas_dscal'
/usr/lib/gcc/x86_64-linux-gnu/4.8/../../../../lib/libgsl.so: undefined reference to `cblas_sdsdot'
/usr/lib/gcc/x86_64-linux-gnu/4.8/../../../../lib/libgsl.so: undefined reference to `cblas_zher'
/usr/lib/gcc/x86_64-linux-gnu/4.8/../../../../lib/libgsl.so: undefined reference to `cblas_dgemv'
/usr/lib/gcc/x86_64-linux-gnu/4.8/../../../../lib/libgsl.so: undefined reference to `cblas_cgeru'
/usr/lib/gcc/x86_64-linux-gnu/4.8/../../../../lib/libgsl.so: undefined reference to `cblas_dsyr'
/usr/lib/gcc/x86_64-linux-gnu/4.8/../../../../lib/libgsl.so: undefined reference to `cblas_zher2k'
/usr/lib/gcc/x86_64-linux-gnu/4.8/../../../../lib/libgsl.so: undefined reference to `cblas_saxpy'
/usr/lib/gcc/x86_64-linux-gnu/4.8/../../../../lib/libgsl.so: undefined reference to `cblas_izamax'
/usr/lib/gcc/x86_64-linux-gnu/4.8/../../../../lib/libgsl.so: undefined reference to `cblas_dsdot'
/usr/lib/gcc/x86_64-linux-gnu/4.8/../../../../lib/libgsl.so: undefined reference to `cblas_zgerc'
/usr/lib/gcc/x86_64-linux-gnu/4.8/../../../../lib/libgsl.so: undefined reference to `cblas_dtrmv'
/usr/lib/gcc/x86_64-linux-gnu/4.8/../../../../lib/libgsl.so: undefined reference to `cblas_daxpy'
/usr/lib/gcc/x86_64-linux-gnu/4.8/../../../../lib/libgsl.so: undefined reference to `cblas_cgemm'
/usr/lib/gcc/x86_64-linux-gnu/4.8/../../../../lib/libgsl.so: undefined reference to `cblas_scnrm2'
/usr/lib/gcc/x86_64-linux-gnu/4.8/../../../../lib/libgsl.so: undefined reference to `cblas_ctrsv'
/usr/lib/gcc/x86_64-linux-gnu/4.8/../../../../lib/libgsl.so: undefined reference to `cblas_ssyr2'
/usr/lib/gcc/x86_64-linux-gnu/4.8/../../../../lib/libgsl.so: undefined reference to `cblas_zswap'
/usr/lib/gcc/x86_64-linux-gnu/4.8/../../../../lib/libgsl.so: undefined reference to `cblas_srot'
/usr/lib/gcc/x86_64-linux-gnu/4.8/../../../../lib/libgsl.so: undefined reference to `cblas_srotmg'
/usr/lib/gcc/x86_64-linux-gnu/4.8/../../../../lib/libgsl.so: undefined reference to `cblas_ssyr'
/usr/lib/gcc/x86_64-linux-gnu/4.8/../../../../lib/libgsl.so: undefined reference to `cblas_strsm'
/usr/lib/gcc/x86_64-linux-gnu/4.8/../../../../lib/libgsl.so: undefined reference to `cblas_dsymv'
/usr/lib/gcc/x86_64-linux-gnu/4.8/../../../../lib/libgsl.so: undefined reference to `cblas_zdscal'
/usr/lib/gcc/x86_64-linux-gnu/4.8/../../../../lib/libgsl.so: undefined reference to `cblas_zdotc_sub'
/usr/lib/gcc/x86_64-linux-gnu/4.8/../../../../lib/libgsl.so: undefined reference to `cblas_sgemv'
/usr/lib/gcc/x86_64-linux-gnu/4.8/../../../../lib/libgsl.so: undefined reference to `cblas_dgemm'
/usr/lib/gcc/x86_64-linux-gnu/4.8/../../../../lib/libgsl.so: undefined reference to `cblas_sswap'
/usr/lib/gcc/x86_64-linux-gnu/4.8/../../../../lib/libgsl.so: undefined reference to `cblas_ztrmm'
/usr/lib/gcc/x86_64-linux-gnu/4.8/../../../../lib/libgsl.so: undefined reference to `cblas_ssymv'
/usr/lib/gcc/x86_64-linux-gnu/4.8/../../../../lib/libgsl.so: undefined reference to `cblas_zgeru'
/usr/lib/gcc/x86_64-linux-gnu/4.8/../../../../lib/libgsl.so: undefined reference to `cblas_drotmg'
/usr/lib/gcc/x86_64-linux-gnu/4.8/../../../../lib/libgsl.so: undefined reference to `cblas_zgemm'
/usr/lib/gcc/x86_64-linux-gnu/4.8/../../../../lib/libgsl.so: undefined reference to `cblas_snrm2'
/usr/lib/gcc/x86_64-linux-gnu/4.8/../../../../lib/libgsl.so: undefined reference to `cblas_dtrsv'
/usr/lib/gcc/x86_64-linux-gnu/4.8/../../../../lib/libgsl.so: undefined reference to `cblas_zhemv'
/usr/lib/gcc/x86_64-linux-gnu/4.8/../../../../lib/libgsl.so: undefined reference to `cblas_cher2'
/usr/lib/gcc/x86_64-linux-gnu/4.8/../../../../lib/libgsl.so: undefined reference to `cblas_scasum'
/usr/lib/gcc/x86_64-linux-gnu/4.8/../../../../lib/libgsl.so: undefined reference to `cblas_zher2'
/usr/lib/gcc/x86_64-linux-gnu/4.8/../../../../lib/libgsl.so: undefined reference to `cblas_cdotu_sub'
/usr/lib/gcc/x86_64-linux-gnu/4.8/../../../../lib/libgsl.so: undefined reference to `cblas_csymm'
/usr/lib/gcc/x86_64-linux-gnu/4.8/../../../../lib/libgsl.so: undefined reference to `cblas_csyrk'
/usr/lib/gcc/x86_64-linux-gnu/4.8/../../../../lib/libgsl.so: undefined reference to `cblas_dcopy'
/usr/lib/gcc/x86_64-linux-gnu/4.8/../../../../lib/libgsl.so: undefined reference to `cblas_ctrmm'
/usr/lib/gcc/x86_64-linux-gnu/4.8/../../../../lib/libgsl.so: undefined reference to `cblas_strmm'
/usr/lib/gcc/x86_64-linux-gnu/4.8/../../../../lib/libgsl.so: undefined reference to `cblas_sasum'
/usr/lib/gcc/x86_64-linux-gnu/4.8/../../../../lib/libgsl.so: undefined reference to `cblas_zaxpy'
/usr/lib/gcc/x86_64-linux-gnu/4.8/../../../../lib/libgsl.so: undefined reference to `cblas_dsyr2'
/usr/lib/gcc/x86_64-linux-gnu/4.8/../../../../lib/libgsl.so: undefined reference to `cblas_ztrsv'
/usr/lib/gcc/x86_64-linux-gnu/4.8/../../../../lib/libgsl.so: undefined reference to `cblas_csscal'
/usr/lib/gcc/x86_64-linux-gnu/4.8/../../../../lib/libgsl.so: undefined reference to `cblas_zsymm'
/usr/lib/gcc/x86_64-linux-gnu/4.8/../../../../lib/libgsl.so: undefined reference to `cblas_dznrm2'
/usr/lib/gcc/x86_64-linux-gnu/4.8/../../../../lib/libgsl.so: undefined reference to `cblas_dtrmm'
/usr/lib/gcc/x86_64-linux-gnu/4.8/../../../../lib/libgsl.so: undefined reference to `cblas_cher2k'
/usr/lib/gcc/x86_64-linux-gnu/4.8/../../../../lib/libgsl.so: undefined reference to `cblas_chemv'
/usr/lib/gcc/x86_64-linux-gnu/4.8/../../../../lib/libgsl.so: undefined reference to `cblas_sscal'
/usr/lib/gcc/x86_64-linux-gnu/4.8/../../../../lib/libgsl.so: undefined reference to `cblas_drotg'
/usr/lib/gcc/x86_64-linux-gnu/4.8/../../../../lib/libgsl.so: undefined reference to `cblas_dnrm2'
/usr/lib/gcc/x86_64-linux-gnu/4.8/../../../../lib/libgsl.so: undefined reference to `cblas_drotm'
/usr/lib/gcc/x86_64-linux-gnu/4.8/../../../../lib/libgsl.so: undefined reference to `cblas_zcopy'
/usr/lib/gcc/x86_64-linux-gnu/4.8/../../../../lib/libgsl.so: undefined reference to `cblas_srotg'
/usr/lib/gcc/x86_64-linux-gnu/4.8/../../../../lib/libgsl.so: undefined reference to `cblas_cher'
/usr/lib/gcc/x86_64-linux-gnu/4.8/../../../../lib/libgsl.so: undefined reference to `cblas_dger'
/usr/lib/gcc/x86_64-linux-gnu/4.8/../../../../lib/libgsl.so: undefined reference to `cblas_cgemv'
/usr/lib/gcc/x86_64-linux-gnu/4.8/../../../../lib/libgsl.so: undefined reference to `cblas_srotm'
/usr/lib/gcc/x86_64-linux-gnu/4.8/../../../../lib/libgsl.so: undefined reference to `cblas_dswap'
/usr/lib/gcc/x86_64-linux-gnu/4.8/../../../../lib/libgsl.so: undefined reference to `cblas_ddot'
/usr/lib/gcc/x86_64-linux-gnu/4.8/../../../../lib/libgsl.so: undefined reference to `cblas_zsyr2k'
/usr/lib/gcc/x86_64-linux-gnu/4.8/../../../../lib/libgsl.so: undefined reference to `cblas_dsymm'
/usr/lib/gcc/x86_64-linux-gnu/4.8/../../../../lib/libgsl.so: undefined reference to `cblas_idamax'
/usr/lib/gcc/x86_64-linux-gnu/4.8/../../../../lib/libgsl.so: undefined reference to `cblas_ztrmv'
/usr/lib/gcc/x86_64-linux-gnu/4.8/../../../../lib/libgsl.so: undefined reference to `cblas_sdot'
/usr/lib/gcc/x86_64-linux-gnu/4.8/../../../../lib/libgsl.so: undefined reference to `cblas_zherk'
/usr/lib/gcc/x86_64-linux-gnu/4.8/../../../../lib/libgsl.so: undefined reference to `cblas_ssyr2k'
/usr/lib/gcc/x86_64-linux-gnu/4.8/../../../../lib/libgsl.so: undefined reference to `cblas_ctrsm'
/usr/lib/gcc/x86_64-linux-gnu/4.8/../../../../lib/libgsl.so: undefined reference to `cblas_dzasum'
/usr/lib/gcc/x86_64-linux-gnu/4.8/../../../../lib/libgsl.so: undefined reference to `cblas_strsv'
/usr/lib/gcc/x86_64-linux-gnu/4.8/../../../../lib/libgsl.so: undefined reference to `cblas_scopy'
/usr/lib/gcc/x86_64-linux-gnu/4.8/../../../../lib/libgsl.so: undefined reference to `cblas_caxpy'
/usr/lib/gcc/x86_64-linux-gnu/4.8/../../../../lib/libgsl.so: undefined reference to `cblas_zscal'
/usr/lib/gcc/x86_64-linux-gnu/4.8/../../../../lib/libgsl.so: undefined reference to `cblas_cscal'
/usr/lib/gcc/x86_64-linux-gnu/4.8/../../../../lib/libgsl.so: undefined reference to `cblas_csyr2k'
/usr/lib/gcc/x86_64-linux-gnu/4.8/../../../../lib/libgsl.so: undefined reference to `cblas_ssymm'
/usr/lib/gcc/x86_64-linux-gnu/4.8/../../../../lib/libgsl.so: undefined reference to `cblas_cgerc'
/usr/lib/gcc/x86_64-linux-gnu/4.8/../../../../lib/libgsl.so: undefined reference to `cblas_isamax'
/usr/lib/gcc/x86_64-linux-gnu/4.8/../../../../lib/libgsl.so: undefined reference to `cblas_dtrsm'
/usr/lib/gcc/x86_64-linux-gnu/4.8/../../../../lib/libgsl.so: undefined reference to `cblas_chemm'
/usr/lib/gcc/x86_64-linux-gnu/4.8/../../../../lib/libgsl.so: undefined reference to `cblas_zhemm'
/usr/lib/gcc/x86_64-linux-gnu/4.8/../../../../lib/libgsl.so: undefined reference to `cblas_zgemv'
/usr/lib/gcc/x86_64-linux-gnu/4.8/../../../../lib/libgsl.so: undefined reference to `cblas_zsyrk'
/usr/lib/gcc/x86_64-linux-gnu/4.8/../../../../lib/libgsl.so: undefined reference to `cblas_sgemm'
/usr/lib/gcc/x86_64-linux-gnu/4.8/../../../../lib/libgsl.so: undefined reference to `cblas_zdotu_sub'
collect2: error: ld returned 1 exit status
configure:6174: $? = 1
configure: failed program was:
| /* confdefs.h */
| #define PACKAGE_NAME "hextexsim"
| #define PACKAGE_TARNAME "hextexsim"
| #define PACKAGE_VERSION "1"
| #define PACKAGE_STRING "hextexsim 1"
| #define PACKAGE_BUGREPORT "sul5@agh.edu.pl"
| #define PACKAGE_URL ""
| #define PACKAGE "hextexsim"
| #define VERSION "1"
| #define STDC_HEADERS 1
| #define HAVE_SYS_TYPES_H 1
| #define HAVE_SYS_STAT_H 1
| #define HAVE_STDLIB_H 1
| #define HAVE_STRING_H 1
| #define HAVE_MEMORY_H 1
| #define HAVE_STRINGS_H 1
| #define HAVE_INTTYPES_H 1
| #define HAVE_STDINT_H 1
| #define HAVE_UNISTD_H 1
| #define HAVE_STDLIB_H 1
| #define HAVE__BOOL 1
| #define HAVE_STDBOOL_H 1
| /* end confdefs.h.  */
| 
| /* Override any GCC internal prototype to avoid an error.
|    Use char because int might match the return type of a GCC
|    builtin and then its argument prototype would still apply.  */
| #ifdef __cplusplus
| extern "C"
| #endif
| char gsl_blas_dgemm ();
| int
| main ()
| {
| return gsl_blas_dgemm ();
|   ;
|   return 0;
| }
configure:6183: result: no
configure:6188: WARNING: "please verify whether you have gsl in your library path"
configure:6301: checking that generated files are newer than configure
configure:6307: result: done
configure:6334: creating ./config.status

## ---------------------- ##
## Running config.status. ##
## ---------------------- ##

This file was extended by hextexsim config.status 1, which was
generated by GNU Autoconf 2.69.  Invocation command line was

  CONFIG_FILES    = 
  CONFIG_HEADERS  = 
  CONFIG_LINKS    = 
  CONFIG_COMMANDS = 
  $ ./config.status 

on finwe-Lenovo-G50-80

config.status:862: creating Makefile
config.status:862: creating src/Makefile
config.status:862: creating config.h
config.status:1091: executing depfiles commands

## ---------------- ##
## Cache variables. ##
## ---------------- ##

ac_cv_c_compiler_gnu=yes
ac_cv_cxx_compiler_gnu=yes
ac_cv_env_CCC_set=
ac_cv_env_CCC_value=
ac_cv_env_CC_set=
ac_cv_env_CC_value=
ac_cv_env_CFLAGS_set=
ac_cv_env_CFLAGS_value=
ac_cv_env_CPPFLAGS_set=
ac_cv_env_CPPFLAGS_value=
ac_cv_env_CPP_set=
ac_cv_env_CPP_value=
ac_cv_env_CXXFLAGS_set=
ac_cv_env_CXXFLAGS_value=
ac_cv_env_CXX_set=
ac_cv_env_CXX_value=
ac_cv_env_LDFLAGS_set=
ac_cv_env_LDFLAGS_value=
ac_cv_env_LIBS_set=
ac_cv_env_LIBS_value=
ac_cv_env_build_alias_set=
ac_cv_env_build_alias_value=
ac_cv_env_host_alias_set=
ac_cv_env_host_alias_value=
ac_cv_env_target_alias_set=
ac_cv_env_target_alias_value=
ac_cv_func_pow=no
ac_cv_func_sqrt=no
ac_cv_header_inttypes_h=yes
ac_cv_header_memory_h=yes
ac_cv_header_stdbool_h=yes
ac_cv_header_stdc=yes
ac_cv_header_stdint_h=yes
ac_cv_header_stdlib_h=yes
ac_cv_header_string_h=yes
ac_cv_header_strings_h=yes
ac_cv_header_sys_stat_h=yes
ac_cv_header_sys_types_h=yes
ac_cv_header_unistd_h=yes
ac_cv_lib_gsl_gsl_blas_dgemm=no
ac_cv_objext=o
ac_cv_path_EGREP='/bin/grep -E'
ac_cv_path_GREP=/bin/grep
ac_cv_path_install='/usr/bin/install -c'
ac_cv_path_mkdir=/bin/mkdir
ac_cv_prog_AWK=mawk
ac_cv_prog_CPP='gcc -E'
ac_cv_prog_ac_ct_CC=gcc
ac_cv_prog_ac_ct_CXX=g++
ac_cv_prog_cc_c89=
ac_cv_prog_cc_g=yes
ac_cv_prog_cxx_g=yes
ac_cv_prog_make_make_set=yes
ac_cv_type__Bool=yes
ac_cv_type_size_t=yes
am_cv_CC_dependencies_compiler_type=gcc3
am_cv_CXX_dependencies_compiler_type=gcc3
am_cv_make_support_nested_variables=yes
am_cv_prog_cc_c_o=yes

## ----------------- ##
## Output variables. ##
## ----------------- ##

ACLOCAL='${SHELL} /home/bartek/hextexsim/hextexsim_production/hextexsim_configure/missing aclocal-1.14'
AMDEPBACKSLASH='\'
AMDEP_FALSE='#'
AMDEP_TRUE=''
AMTAR='$${TAR-tar}'
AM_BACKSLASH='\'
AM_DEFAULT_V='$(AM_DEFAULT_VERBOSITY)'
AM_DEFAULT_VERBOSITY='1'
AM_V='$(V)'
AUTOCONF='${SHELL} /home/bartek/hextexsim/hextexsim_production/hextexsim_configure/missing autoconf'
AUTOHEADER='${SHELL} /home/bartek/hextexsim/hextexsim_production/hextexsim_configure/missing autoheader'
AUTOMAKE='${SHELL} /home/bartek/hextexsim/hextexsim_production/hextexsim_configure/missing automake-1.14'
AWK='mawk'
CC='gcc'
CCDEPMODE='depmode=gcc3'
CFLAGS='-g -O2'
CPP='gcc -E'
CPPFLAGS=''
CXX='g++'
CXXDEPMODE='depmode=gcc3'
CXXFLAGS='-g -O2'
CYGPATH_W='echo'
DEFS='-DHAVE_CONFIG_H'
DEPDIR='.deps'
ECHO_C=''
ECHO_N='-n'
ECHO_T=''
EGREP='/bin/grep -E'
EXEEXT=''
GREP='/bin/grep'
INSTALL_DATA='${INSTALL} -m 644'
INSTALL_PROGRAM='${INSTALL}'
INSTALL_SCRIPT='${INSTALL}'
INSTALL_STRIP_PROGRAM='$(install_sh) -c -s'
LDFLAGS=''
LIBOBJS=''
LIBS=''
LTLIBOBJS=''
MAKEINFO='${SHELL} /home/bartek/hextexsim/hextexsim_production/hextexsim_configure/missing makeinfo'
MKDIR_P='/bin/mkdir -p'
OBJEXT='o'
PACKAGE='hextexsim'
PACKAGE_BUGREPORT='sul5@agh.edu.pl'
PACKAGE_NAME='hextexsim'
PACKAGE_STRING='hextexsim 1'
PACKAGE_TARNAME='hextexsim'
PACKAGE_URL=''
PACKAGE_VERSION='1'
PATH_SEPARATOR=':'
SET_MAKE=''
SHELL='/bin/bash'
STRIP=''
VERSION='1'
ac_ct_CC='gcc'
ac_ct_CXX='g++'
am__EXEEXT_FALSE=''
am__EXEEXT_TRUE='#'
am__fastdepCC_FALSE='#'
am__fastdepCC_TRUE=''
am__fastdepCXX_FALSE='#'
am__fastdepCXX_TRUE=''
am__include='include'
am__isrc=''
am__leading_dot='.'
am__nodep='_no'
am__quote=''
am__tar='$${TAR-tar} chof - "$$tardir"'
am__untar='$${TAR-tar} xf -'
bindir='${exec_prefix}/bin'
build_alias=''
datadir='${datarootdir}'
datarootdir='${prefix}/share'
docdir='${datarootdir}/doc/${PACKAGE_TARNAME}'
dvidir='${docdir}'
exec_prefix='${prefix}'
host_alias=''
htmldir='${docdir}'
includedir='${prefix}/include'
infodir='${datarootdir}/info'
install_sh='${SHELL} /home/bartek/hextexsim/hextexsim_production/hextexsim_configure/install-sh'
libdir='${exec_prefix}/lib'
libexecdir='${exec_prefix}/libexec'
localedir='${datarootdir}/locale'
localstatedir='${prefix}/var'
mandir='${datarootdir}/man'
mkdir_p='$(MKDIR_P)'
oldincludedir='/usr/include'
pdfdir='${docdir}'
prefix='/usr/local'
program_transform_name='s,x,x,'
psdir='${docdir}'
sbindir='${exec_prefix}/sbin'
sharedstatedir='${prefix}/com'
sysconfdir='${prefix}/etc'
target_alias=''

## ----------- ##
## confdefs.h. ##
## ----------- ##

/* confdefs.h */
#define PACKAGE_NAME "hextexsim"
#define PACKAGE_TARNAME "hextexsim"
#define PACKAGE_VERSION "1"
#define PACKAGE_STRING "hextexsim 1"
#define PACKAGE_BUGREPORT "sul5@agh.edu.pl"
#define PACKAGE_URL ""
#define PACKAGE "hextexsim"
#define VERSION "1"
#define STDC_HEADERS 1
#define HAVE_SYS_TYPES_H 1
#define HAVE_SYS_STAT_H 1
#define HAVE_STDLIB_H 1
#define HAVE_STRING_H 1
#define HAVE_MEMORY_H 1
#define HAVE_STRINGS_H 1
#define HAVE_INTTYPES_H 1
#define HAVE_STDINT_H 1
#define HAVE_UNISTD_H 1
#define HAVE_STDLIB_H 1
#define HAVE__BOOL 1
#define HAVE_STDBOOL_H 1

configure: exit 0
